2019-01-16 15:51:04,355 INFO [main] cn.bin2.sport.SportApplication [StartupInfoLogger.java : 50] Starting SportApplication on A12863 with PID 7216 (E:\class\sportgo\sport-back\target\classes started by bingshuai.lu in E:\class\sportgo)
2019-01-16 15:51:04,365 INFO [main] cn.bin2.sport.SportApplication [SpringApplication.java : 662] No active profile set, falling back to default profiles: default
2019-01-16 15:51:04,805 INFO [main] o.s.b.w.s.c.AnnotationConfigServletWebServerApplicationContext [AbstractApplicationContext.java : 590] Refreshing org.springframework.boot.web.servlet.context.AnnotationConfigServletWebServerApplicationContext@343570b7: startup date [Wed Jan 16 15:51:04 GMT+08:00 2019]; root of context hierarchy
2019-01-16 15:51:08,496 INFO [main] o.s.b.w.e.tomcat.TomcatWebServer [TomcatWebServer.java : 91] Tomcat initialized with port(s): 8888 (http)
2019-01-16 15:51:08,524 INFO [main] o.a.coyote.http11.Http11NioProtocol [DirectJDKLog.java : 180] Initializing ProtocolHandler ["http-nio-8888"]
2019-01-16 15:51:08,661 INFO [main] o.a.catalina.core.StandardService [DirectJDKLog.java : 180] Starting service [Tomcat]
2019-01-16 15:51:08,661 INFO [main] o.a.catalina.core.StandardEngine [DirectJDKLog.java : 180] Starting Servlet Engine: Apache Tomcat/8.5.32
2019-01-16 15:51:08,878 INFO [localhost-startStop-1] o.a.c.core.AprLifecycleListener [DirectJDKLog.java : 180] The APR based Apache Tomcat Native library which allows optimal performance in production environments was not found on the java.library.path: [C:\Program Files\Java\jdk1.8.0_191\bin;C:\Windows\Sun\Java\bin;C:\Windows\system32;C:\Windows;C:\Program Files (x86)\Python37-32\Scripts\;C:\Program Files (x86)\Python37-32\;C:\Program Files (x86)\Common Files\Oracle\Java\javapath;C:\Windows\system32;C:\Windows;C:\Windows\System32\Wbem;C:\Windows\System32\WindowsPowerShell\v1.0\;d:\Program Files\Git\cmd;D:\portable_git\bin;C:\Program Files\TortoiseSVN\bin;%JAVA6_HOME%\bin;C:\Program Files (x86)\GnuWin32\bin;C:\Program Files\nodejs\;D:\apache-maven-3.5.3\bin;C:\Program Files (x86)\Java\jdk1.8.0_191\bin;C:\Program Files (x86)\Java\jdk1.8.0_191\jre\bin;D:\nodejs\node-global;C:\Users\bingshuai.lu\AppData\Local\Programs\Fiddler;C:\Users\bingshuai.lu\AppData\Roaming\npm;C:\Users\bingshuai.lu\AppData\Local\Programs\Microsoft VS Code\bin;.]
2019-01-16 15:51:09,223 INFO [localhost-startStop-1] o.a.c.c.C.[Tomcat].[localhost].[/] [DirectJDKLog.java : 180] Initializing Spring embedded WebApplicationContext
2019-01-16 15:51:09,223 INFO [localhost-startStop-1] o.s.web.context.ContextLoader [ServletWebServerApplicationContext.java : 285] Root WebApplicationContext: initialization completed in 4418 ms
2019-01-16 15:51:11,581 INFO [localhost-startStop-1] o.s.b.w.s.FilterRegistrationBean [AbstractFilterRegistrationBean.java : 245] Mapping filter: 'characterEncodingFilter' to: [/*]
2019-01-16 15:51:11,582 INFO [localhost-startStop-1] o.s.b.w.s.FilterRegistrationBean [AbstractFilterRegistrationBean.java : 245] Mapping filter: 'webMvcMetricsFilter' to: [/*]
2019-01-16 15:51:11,583 INFO [localhost-startStop-1] o.s.b.w.s.FilterRegistrationBean [AbstractFilterRegistrationBean.java : 245] Mapping filter: 'hiddenHttpMethodFilter' to: [/*]
2019-01-16 15:51:11,584 INFO [localhost-startStop-1] o.s.b.w.s.FilterRegistrationBean [AbstractFilterRegistrationBean.java : 245] Mapping filter: 'httpPutFormContentFilter' to: [/*]
2019-01-16 15:51:11,584 INFO [localhost-startStop-1] o.s.b.w.s.FilterRegistrationBean [AbstractFilterRegistrationBean.java : 245] Mapping filter: 'requestContextFilter' to: [/*]
2019-01-16 15:51:11,586 INFO [localhost-startStop-1] o.s.b.w.s.DelegatingFilterProxyRegistrationBean [AbstractFilterRegistrationBean.java : 245] Mapping filter: 'springSecurityFilterChain' to: [/*]
2019-01-16 15:51:11,587 INFO [localhost-startStop-1] o.s.b.w.s.FilterRegistrationBean [AbstractFilterRegistrationBean.java : 245] Mapping filter: 'httpTraceFilter' to: [/*]
2019-01-16 15:51:11,600 INFO [localhost-startStop-1] o.s.b.w.s.FilterRegistrationBean [AbstractFilterRegistrationBean.java : 245] Mapping filter: 'resourceUrlEncodingFilter' to: [/*]
2019-01-16 15:51:11,604 INFO [localhost-startStop-1] o.s.b.w.s.ServletRegistrationBean [ServletRegistrationBean.java : 187] Servlet dispatcherServlet mapped to [/]
2019-01-16 15:51:11,861 INFO [main] o.s.w.s.h.SimpleUrlHandlerMapping [AbstractUrlHandlerMapping.java : 373] Mapped URL path [/**/favicon.ico] onto handler of type [class org.springframework.web.servlet.resource.ResourceHttpRequestHandler]
2019-01-16 15:51:12,390 INFO [main] o.s.w.s.m.m.a.RequestMappingHandlerAdapter [RequestMappingHandlerAdapter.java : 574] Looking for @ControllerAdvice: org.springframework.boot.web.servlet.context.AnnotationConfigServletWebServerApplicationContext@343570b7: startup date [Wed Jan 16 15:51:04 GMT+08:00 2019]; root of context hierarchy
2019-01-16 15:51:12,505 INFO [main] o.s.w.s.m.m.a.RequestMappingHandlerMapping [AbstractHandlerMethodMapping.java : 547] Mapped "{[/index],methods=[GET]}" onto public java.lang.String cn.bin2.sport.web.IndexController.index()
2019-01-16 15:51:12,509 INFO [main] o.s.w.s.m.m.a.RequestMappingHandlerMapping [AbstractHandlerMethodMapping.java : 547] Mapped "{[/login],methods=[GET]}" onto public java.lang.String cn.bin2.sport.web.LoginController.login()
2019-01-16 15:51:12,534 INFO [main] o.s.w.s.m.m.a.RequestMappingHandlerMapping [AbstractHandlerMethodMapping.java : 547] Mapped "{[/error]}" onto public org.springframework.http.ResponseEntity<java.util.Map<java.lang.String, java.lang.Object>> org.springframework.boot.autoconfigure.web.servlet.error.BasicErrorController.error(javax.servlet.http.HttpServletRequest)
2019-01-16 15:51:12,536 INFO [main] o.s.w.s.m.m.a.RequestMappingHandlerMapping [AbstractHandlerMethodMapping.java : 547] Mapped "{[/error],produces=[text/html]}" onto public org.springframework.web.servlet.ModelAndView org.springframework.boot.autoconfigure.web.servlet.error.BasicErrorController.errorHtml(javax.servlet.http.HttpServletRequest,javax.servlet.http.HttpServletResponse)
2019-01-16 15:51:12,983 INFO [main] o.s.w.s.h.SimpleUrlHandlerMapping [AbstractUrlHandlerMapping.java : 373] Mapped URL path [/webjars/**] onto handler of type [class org.springframework.web.servlet.resource.ResourceHttpRequestHandler]
2019-01-16 15:51:12,984 INFO [main] o.s.w.s.h.SimpleUrlHandlerMapping [AbstractUrlHandlerMapping.java : 373] Mapped URL path [/**] onto handler of type [class org.springframework.web.servlet.resource.ResourceHttpRequestHandler]
2019-01-16 15:51:13,345 WARN [main] o.t.templatemode.TemplateMode [TemplateMode.java : 150] [THYMELEAF][main] Template Mode 'HTML5' is deprecated. Using Template Mode 'HTML' instead.
2019-01-16 15:51:13,658 INFO [main] o.s.b.a.w.s.WelcomePageHandlerMapping [WelcomePageHandlerMapping.java : 61] Adding welcome page template: index
2019-01-16 15:51:14,789 INFO [main] o.s.b.a.s.s.UserDetailsServiceAutoConfiguration [UserDetailsServiceAutoConfiguration.java : 86] 

Using generated security password: 06f09718-6639-4581-9d6f-8cea1789a944

2019-01-16 15:51:15,637 INFO [main] o.s.s.web.DefaultSecurityFilterChain [DefaultSecurityFilterChain.java : 43] Creating filter chain: org.springframework.security.web.util.matcher.AnyRequestMatcher@1, [org.springframework.security.web.context.request.async.WebAsyncManagerIntegrationFilter@64b3b1ce, org.springframework.security.web.context.SecurityContextPersistenceFilter@78226c36, org.springframework.security.web.header.HeaderWriterFilter@5f117b3d, org.springframework.security.web.csrf.CsrfFilter@760245e1, org.springframework.security.web.authentication.logout.LogoutFilter@1debc91c, org.springframework.security.web.authentication.UsernamePasswordAuthenticationFilter@d0865a3, org.springframework.security.web.authentication.ui.DefaultLoginPageGeneratingFilter@690bc15e, org.springframework.security.web.authentication.www.BasicAuthenticationFilter@11a8042c, org.springframework.security.web.savedrequest.RequestCacheAwareFilter@11f406f8, org.springframework.security.web.servletapi.SecurityContextHolderAwareRequestFilter@119c745c, org.springframework.security.web.authentication.AnonymousAuthenticationFilter@6884f0d9, org.springframework.security.web.session.SessionManagementFilter@71b6d77f, org.springframework.security.web.access.ExceptionTranslationFilter@396ef8b2, org.springframework.security.web.access.intercept.FilterSecurityInterceptor@50756c76]
2019-01-16 15:51:15,698 INFO [main] o.s.b.a.e.web.EndpointLinksResolver [EndpointLinksResolver.java : 59] Exposing 2 endpoint(s) beneath base path '/actuator'
2019-01-16 15:51:15,716 INFO [main] o.s.b.a.e.w.s.WebMvcEndpointHandlerMapping [AbstractHandlerMethodMapping.java : 547] Mapped "{[/actuator/health],methods=[GET],produces=[application/vnd.spring-boot.actuator.v2+json || application/json]}" onto public java.lang.Object org.springframework.boot.actuate.endpoint.web.servlet.AbstractWebMvcEndpointHandlerMapping$OperationHandler.handle(javax.servlet.http.HttpServletRequest,java.util.Map<java.lang.String, java.lang.String>)
2019-01-16 15:51:15,719 INFO [main] o.s.b.a.e.w.s.WebMvcEndpointHandlerMapping [AbstractHandlerMethodMapping.java : 547] Mapped "{[/actuator/info],methods=[GET],produces=[application/vnd.spring-boot.actuator.v2+json || application/json]}" onto public java.lang.Object org.springframework.boot.actuate.endpoint.web.servlet.AbstractWebMvcEndpointHandlerMapping$OperationHandler.handle(javax.servlet.http.HttpServletRequest,java.util.Map<java.lang.String, java.lang.String>)
2019-01-16 15:51:15,721 INFO [main] o.s.b.a.e.w.s.WebMvcEndpointHandlerMapping [AbstractHandlerMethodMapping.java : 547] Mapped "{[/actuator],methods=[GET],produces=[application/vnd.spring-boot.actuator.v2+json || application/json]}" onto protected java.util.Map<java.lang.String, java.util.Map<java.lang.String, org.springframework.boot.actuate.endpoint.web.Link>> org.springframework.boot.actuate.endpoint.web.servlet.WebMvcEndpointHandlerMapping.links(javax.servlet.http.HttpServletRequest,javax.servlet.http.HttpServletResponse)
2019-01-16 15:51:15,805 INFO [main] o.s.j.e.a.AnnotationMBeanExporter [MBeanExporter.java : 433] Registering beans for JMX exposure on startup
2019-01-16 15:51:15,841 INFO [main] o.a.coyote.http11.Http11NioProtocol [DirectJDKLog.java : 180] Starting ProtocolHandler ["http-nio-8888"]
2019-01-16 15:51:15,870 INFO [main] o.a.tomcat.util.net.NioSelectorPool [DirectJDKLog.java : 180] Using a shared selector for servlet write/read
2019-01-16 15:51:15,906 INFO [main] o.s.b.w.e.tomcat.TomcatWebServer [TomcatWebServer.java : 206] Tomcat started on port(s): 8888 (http) with context path ''
2019-01-16 15:51:15,912 INFO [main] cn.bin2.sport.SportApplication [StartupInfoLogger.java : 59] Started SportApplication in 12.661 seconds (JVM running for 15.894)
2019-01-16 15:51:17,939 INFO [RMI TCP Connection(2)-127.0.0.1] o.a.c.c.C.[Tomcat].[localhost].[/] [DirectJDKLog.java : 180] Initializing Spring FrameworkServlet 'dispatcherServlet'
2019-01-16 15:51:17,939 INFO [RMI TCP Connection(2)-127.0.0.1] o.s.web.servlet.DispatcherServlet [FrameworkServlet.java : 494] FrameworkServlet 'dispatcherServlet': initialization started
2019-01-16 15:51:17,957 INFO [RMI TCP Connection(2)-127.0.0.1] o.s.web.servlet.DispatcherServlet [FrameworkServlet.java : 509] FrameworkServlet 'dispatcherServlet': initialization completed in 18 ms
2019-01-16 16:14:18,840 INFO [main] cn.bin2.sport.SportApplication [StartupInfoLogger.java : 50] Starting SportApplication on A12863 with PID 12228 (E:\class\sportgo\sport-back\target\classes started by bingshuai.lu in E:\class\sportgo)
2019-01-16 16:14:18,852 INFO [main] cn.bin2.sport.SportApplication [SpringApplication.java : 662] No active profile set, falling back to default profiles: default
2019-01-16 16:14:18,908 INFO [main] o.s.b.w.s.c.AnnotationConfigServletWebServerApplicationContext [AbstractApplicationContext.java : 590] Refreshing org.springframework.boot.web.servlet.context.AnnotationConfigServletWebServerApplicationContext@290222c1: startup date [Wed Jan 16 16:14:18 GMT+08:00 2019]; root of context hierarchy
2019-01-16 16:14:22,167 INFO [main] o.s.b.w.e.tomcat.TomcatWebServer [TomcatWebServer.java : 91] Tomcat initialized with port(s): 8888 (http)
2019-01-16 16:14:22,189 INFO [main] o.a.coyote.http11.Http11NioProtocol [DirectJDKLog.java : 180] Initializing ProtocolHandler ["http-nio-8888"]
2019-01-16 16:14:22,204 INFO [main] o.a.catalina.core.StandardService [DirectJDKLog.java : 180] Starting service [Tomcat]
2019-01-16 16:14:22,206 INFO [main] o.a.catalina.core.StandardEngine [DirectJDKLog.java : 180] Starting Servlet Engine: Apache Tomcat/8.5.32
2019-01-16 16:14:22,216 INFO [localhost-startStop-1] o.a.c.core.AprLifecycleListener [DirectJDKLog.java : 180] The APR based Apache Tomcat Native library which allows optimal performance in production environments was not found on the java.library.path: [C:\Program Files\Java\jdk1.8.0_191\bin;C:\Windows\Sun\Java\bin;C:\Windows\system32;C:\Windows;C:\Program Files (x86)\Python37-32\Scripts\;C:\Program Files (x86)\Python37-32\;C:\Program Files (x86)\Common Files\Oracle\Java\javapath;C:\Windows\system32;C:\Windows;C:\Windows\System32\Wbem;C:\Windows\System32\WindowsPowerShell\v1.0\;d:\Program Files\Git\cmd;D:\portable_git\bin;C:\Program Files\TortoiseSVN\bin;%JAVA6_HOME%\bin;C:\Program Files (x86)\GnuWin32\bin;C:\Program Files\nodejs\;D:\apache-maven-3.5.3\bin;C:\Program Files (x86)\Java\jdk1.8.0_191\bin;C:\Program Files (x86)\Java\jdk1.8.0_191\jre\bin;D:\nodejs\node-global;C:\Users\bingshuai.lu\AppData\Local\Programs\Fiddler;C:\Users\bingshuai.lu\AppData\Roaming\npm;C:\Users\bingshuai.lu\AppData\Local\Programs\Microsoft VS Code\bin;.]
2019-01-16 16:14:22,480 INFO [localhost-startStop-1] o.a.c.c.C.[Tomcat].[localhost].[/] [DirectJDKLog.java : 180] Initializing Spring embedded WebApplicationContext
2019-01-16 16:14:22,480 INFO [localhost-startStop-1] o.s.web.context.ContextLoader [ServletWebServerApplicationContext.java : 285] Root WebApplicationContext: initialization completed in 3572 ms
2019-01-16 16:14:23,530 INFO [localhost-startStop-1] o.s.b.w.s.FilterRegistrationBean [AbstractFilterRegistrationBean.java : 245] Mapping filter: 'characterEncodingFilter' to: [/*]
2019-01-16 16:14:23,532 INFO [localhost-startStop-1] o.s.b.w.s.FilterRegistrationBean [AbstractFilterRegistrationBean.java : 245] Mapping filter: 'webMvcMetricsFilter' to: [/*]
2019-01-16 16:14:23,532 INFO [localhost-startStop-1] o.s.b.w.s.FilterRegistrationBean [AbstractFilterRegistrationBean.java : 245] Mapping filter: 'hiddenHttpMethodFilter' to: [/*]
2019-01-16 16:14:23,532 INFO [localhost-startStop-1] o.s.b.w.s.FilterRegistrationBean [AbstractFilterRegistrationBean.java : 245] Mapping filter: 'httpPutFormContentFilter' to: [/*]
2019-01-16 16:14:23,533 INFO [localhost-startStop-1] o.s.b.w.s.FilterRegistrationBean [AbstractFilterRegistrationBean.java : 245] Mapping filter: 'requestContextFilter' to: [/*]
2019-01-16 16:14:23,534 INFO [localhost-startStop-1] o.s.b.w.s.DelegatingFilterProxyRegistrationBean [AbstractFilterRegistrationBean.java : 245] Mapping filter: 'springSecurityFilterChain' to: [/*]
2019-01-16 16:14:23,534 INFO [localhost-startStop-1] o.s.b.w.s.FilterRegistrationBean [AbstractFilterRegistrationBean.java : 245] Mapping filter: 'httpTraceFilter' to: [/*]
2019-01-16 16:14:23,537 INFO [localhost-startStop-1] o.s.b.w.s.FilterRegistrationBean [AbstractFilterRegistrationBean.java : 245] Mapping filter: 'resourceUrlEncodingFilter' to: [/*]
2019-01-16 16:14:23,537 INFO [localhost-startStop-1] o.s.b.w.s.ServletRegistrationBean [ServletRegistrationBean.java : 187] Servlet dispatcherServlet mapped to [/]
2019-01-16 16:14:23,842 INFO [main] o.s.w.s.h.SimpleUrlHandlerMapping [AbstractUrlHandlerMapping.java : 373] Mapped URL path [/**/favicon.ico] onto handler of type [class org.springframework.web.servlet.resource.ResourceHttpRequestHandler]
2019-01-16 16:14:24,188 INFO [main] o.s.w.s.m.m.a.RequestMappingHandlerAdapter [RequestMappingHandlerAdapter.java : 574] Looking for @ControllerAdvice: org.springframework.boot.web.servlet.context.AnnotationConfigServletWebServerApplicationContext@290222c1: startup date [Wed Jan 16 16:14:18 GMT+08:00 2019]; root of context hierarchy
2019-01-16 16:14:24,309 INFO [main] o.s.w.s.m.m.a.RequestMappingHandlerMapping [AbstractHandlerMethodMapping.java : 547] Mapped "{[/index],methods=[GET]}" onto public java.lang.String cn.bin2.sport.web.IndexController.index()
2019-01-16 16:14:24,313 INFO [main] o.s.w.s.m.m.a.RequestMappingHandlerMapping [AbstractHandlerMethodMapping.java : 547] Mapped "{[/login],methods=[GET]}" onto public java.lang.String cn.bin2.sport.web.LoginController.login()
2019-01-16 16:14:24,319 INFO [main] o.s.w.s.m.m.a.RequestMappingHandlerMapping [AbstractHandlerMethodMapping.java : 547] Mapped "{[/error]}" onto public org.springframework.http.ResponseEntity<java.util.Map<java.lang.String, java.lang.Object>> org.springframework.boot.autoconfigure.web.servlet.error.BasicErrorController.error(javax.servlet.http.HttpServletRequest)
2019-01-16 16:14:24,320 INFO [main] o.s.w.s.m.m.a.RequestMappingHandlerMapping [AbstractHandlerMethodMapping.java : 547] Mapped "{[/error],produces=[text/html]}" onto public org.springframework.web.servlet.ModelAndView org.springframework.boot.autoconfigure.web.servlet.error.BasicErrorController.errorHtml(javax.servlet.http.HttpServletRequest,javax.servlet.http.HttpServletResponse)
2019-01-16 16:14:24,408 INFO [main] o.s.w.s.h.SimpleUrlHandlerMapping [AbstractUrlHandlerMapping.java : 373] Mapped URL path [/webjars/**] onto handler of type [class org.springframework.web.servlet.resource.ResourceHttpRequestHandler]
2019-01-16 16:14:24,408 INFO [main] o.s.w.s.h.SimpleUrlHandlerMapping [AbstractUrlHandlerMapping.java : 373] Mapped URL path [/**] onto handler of type [class org.springframework.web.servlet.resource.ResourceHttpRequestHandler]
2019-01-16 16:14:24,581 WARN [main] o.t.templatemode.TemplateMode [TemplateMode.java : 150] [THYMELEAF][main] Template Mode 'HTML5' is deprecated. Using Template Mode 'HTML' instead.
2019-01-16 16:14:24,692 INFO [main] o.s.b.a.w.s.WelcomePageHandlerMapping [WelcomePageHandlerMapping.java : 61] Adding welcome page template: index
2019-01-16 16:14:25,791 INFO [main] o.s.b.a.s.s.UserDetailsServiceAutoConfiguration [UserDetailsServiceAutoConfiguration.java : 86] 

Using generated security password: f9de6827-07f0-4f43-a421-d08bd30384f9

2019-01-16 16:14:26,078 INFO [main] o.s.s.web.DefaultSecurityFilterChain [DefaultSecurityFilterChain.java : 43] Creating filter chain: org.springframework.security.web.util.matcher.AnyRequestMatcher@1, [org.springframework.security.web.context.request.async.WebAsyncManagerIntegrationFilter@60f70249, org.springframework.security.web.context.SecurityContextPersistenceFilter@4b790d86, org.springframework.security.web.header.HeaderWriterFilter@53ec2968, org.springframework.security.web.csrf.CsrfFilter@5300cac, org.springframework.security.web.authentication.logout.LogoutFilter@78d6447a, org.springframework.security.web.authentication.UsernamePasswordAuthenticationFilter@5d43409a, org.springframework.security.web.authentication.ui.DefaultLoginPageGeneratingFilter@2a3194c6, org.springframework.security.web.authentication.www.BasicAuthenticationFilter@51c959a4, org.springframework.security.web.savedrequest.RequestCacheAwareFilter@4339baec, org.springframework.security.web.servletapi.SecurityContextHolderAwareRequestFilter@1292071f, org.springframework.security.web.authentication.AnonymousAuthenticationFilter@31ee2fdb, org.springframework.security.web.session.SessionManagementFilter@7e19755a, org.springframework.security.web.access.ExceptionTranslationFilter@582a764a, org.springframework.security.web.access.intercept.FilterSecurityInterceptor@76563d26]
2019-01-16 16:14:26,133 INFO [main] o.s.b.a.e.web.EndpointLinksResolver [EndpointLinksResolver.java : 59] Exposing 2 endpoint(s) beneath base path '/actuator'
2019-01-16 16:14:26,182 INFO [main] o.s.b.a.e.w.s.WebMvcEndpointHandlerMapping [AbstractHandlerMethodMapping.java : 547] Mapped "{[/actuator/health],methods=[GET],produces=[application/vnd.spring-boot.actuator.v2+json || application/json]}" onto public java.lang.Object org.springframework.boot.actuate.endpoint.web.servlet.AbstractWebMvcEndpointHandlerMapping$OperationHandler.handle(javax.servlet.http.HttpServletRequest,java.util.Map<java.lang.String, java.lang.String>)
2019-01-16 16:14:26,186 INFO [main] o.s.b.a.e.w.s.WebMvcEndpointHandlerMapping [AbstractHandlerMethodMapping.java : 547] Mapped "{[/actuator/info],methods=[GET],produces=[application/vnd.spring-boot.actuator.v2+json || application/json]}" onto public java.lang.Object org.springframework.boot.actuate.endpoint.web.servlet.AbstractWebMvcEndpointHandlerMapping$OperationHandler.handle(javax.servlet.http.HttpServletRequest,java.util.Map<java.lang.String, java.lang.String>)
2019-01-16 16:14:26,188 INFO [main] o.s.b.a.e.w.s.WebMvcEndpointHandlerMapping [AbstractHandlerMethodMapping.java : 547] Mapped "{[/actuator],methods=[GET],produces=[application/vnd.spring-boot.actuator.v2+json || application/json]}" onto protected java.util.Map<java.lang.String, java.util.Map<java.lang.String, org.springframework.boot.actuate.endpoint.web.Link>> org.springframework.boot.actuate.endpoint.web.servlet.WebMvcEndpointHandlerMapping.links(javax.servlet.http.HttpServletRequest,javax.servlet.http.HttpServletResponse)
2019-01-16 16:14:26,284 INFO [main] o.s.j.e.a.AnnotationMBeanExporter [MBeanExporter.java : 433] Registering beans for JMX exposure on startup
2019-01-16 16:14:26,321 INFO [main] o.a.coyote.http11.Http11NioProtocol [DirectJDKLog.java : 180] Starting ProtocolHandler ["http-nio-8888"]
2019-01-16 16:14:26,353 INFO [main] o.a.tomcat.util.net.NioSelectorPool [DirectJDKLog.java : 180] Using a shared selector for servlet write/read
2019-01-16 16:14:26,425 INFO [main] o.s.b.w.e.tomcat.TomcatWebServer [TomcatWebServer.java : 206] Tomcat started on port(s): 8888 (http) with context path ''
2019-01-16 16:14:26,436 INFO [main] cn.bin2.sport.SportApplication [StartupInfoLogger.java : 59] Started SportApplication in 9.014 seconds (JVM running for 12.251)
2019-01-16 16:14:28,713 INFO [RMI TCP Connection(7)-127.0.0.1] o.a.c.c.C.[Tomcat].[localhost].[/] [DirectJDKLog.java : 180] Initializing Spring FrameworkServlet 'dispatcherServlet'
2019-01-16 16:14:28,714 INFO [RMI TCP Connection(7)-127.0.0.1] o.s.web.servlet.DispatcherServlet [FrameworkServlet.java : 494] FrameworkServlet 'dispatcherServlet': initialization started
2019-01-16 16:14:28,738 INFO [RMI TCP Connection(7)-127.0.0.1] o.s.web.servlet.DispatcherServlet [FrameworkServlet.java : 509] FrameworkServlet 'dispatcherServlet': initialization completed in 24 ms
2019-01-16 18:14:39,831 INFO [main] cn.bin2.sport.SportApplication [StartupInfoLogger.java : 50] Starting SportApplication on A12863 with PID 8100 (E:\class\sportgo\sport-back\target\classes started by bingshuai.lu in E:\class\sportgo)
2019-01-16 18:14:39,837 INFO [main] cn.bin2.sport.SportApplication [SpringApplication.java : 662] No active profile set, falling back to default profiles: default
2019-01-16 18:14:40,006 INFO [main] o.s.b.w.s.c.AnnotationConfigServletWebServerApplicationContext [AbstractApplicationContext.java : 590] Refreshing org.springframework.boot.web.servlet.context.AnnotationConfigServletWebServerApplicationContext@e7edb54: startup date [Wed Jan 16 18:14:40 GMT+08:00 2019]; root of context hierarchy
2019-01-16 18:14:41,652 WARN [main] t.m.s.mapper.ClassPathMapperScanner [ClassPathMapperScanner.java : 142] No MyBatis mapper was found in '[cn.bin2.sport]' package. Please check your configuration.
2019-01-16 18:14:41,687 WARN [main] o.m.s.mapper.ClassPathMapperScanner [ClassPathMapperScanner.java : 166] No MyBatis mapper was found in '[cn.bin2.sport]' package. Please check your configuration.
2019-01-16 18:14:42,936 INFO [main] o.s.c.s.PostProcessorRegistrationDelegate$BeanPostProcessorChecker [PostProcessorRegistrationDelegate.java : 326] Bean 'org.springframework.transaction.annotation.ProxyTransactionManagementConfiguration' of type [org.springframework.transaction.annotation.ProxyTransactionManagementConfiguration$$EnhancerBySpringCGLIB$$6f5d8399] is not eligible for getting processed by all BeanPostProcessors (for example: not eligible for auto-proxying)
2019-01-16 18:14:43,684 INFO [main] o.s.b.w.e.tomcat.TomcatWebServer [TomcatWebServer.java : 91] Tomcat initialized with port(s): 8888 (http)
2019-01-16 18:14:43,708 INFO [main] o.a.coyote.http11.Http11NioProtocol [DirectJDKLog.java : 180] Initializing ProtocolHandler ["http-nio-8888"]
2019-01-16 18:14:43,725 INFO [main] o.a.catalina.core.StandardService [DirectJDKLog.java : 180] Starting service [Tomcat]
2019-01-16 18:14:43,726 INFO [main] o.a.catalina.core.StandardEngine [DirectJDKLog.java : 180] Starting Servlet Engine: Apache Tomcat/8.5.32
2019-01-16 18:14:43,733 INFO [localhost-startStop-1] o.a.c.core.AprLifecycleListener [DirectJDKLog.java : 180] The APR based Apache Tomcat Native library which allows optimal performance in production environments was not found on the java.library.path: [C:\Program Files\Java\jdk1.8.0_191\bin;C:\Windows\Sun\Java\bin;C:\Windows\system32;C:\Windows;C:\Program Files (x86)\Python37-32\Scripts\;C:\Program Files (x86)\Python37-32\;C:\Program Files (x86)\Common Files\Oracle\Java\javapath;C:\Windows\system32;C:\Windows;C:\Windows\System32\Wbem;C:\Windows\System32\WindowsPowerShell\v1.0\;d:\Program Files\Git\cmd;D:\portable_git\bin;C:\Program Files\TortoiseSVN\bin;%JAVA6_HOME%\bin;C:\Program Files (x86)\GnuWin32\bin;C:\Program Files\nodejs\;D:\apache-maven-3.5.3\bin;C:\Program Files (x86)\Java\jdk1.8.0_191\bin;C:\Program Files (x86)\Java\jdk1.8.0_191\jre\bin;D:\nodejs\node-global;C:\Users\bingshuai.lu\AppData\Local\Programs\Fiddler;C:\Users\bingshuai.lu\AppData\Roaming\npm;C:\Users\bingshuai.lu\AppData\Local\Programs\Microsoft VS Code\bin;.]
2019-01-16 18:14:43,918 INFO [localhost-startStop-1] o.a.c.c.C.[Tomcat].[localhost].[/] [DirectJDKLog.java : 180] Initializing Spring embedded WebApplicationContext
2019-01-16 18:14:43,919 INFO [localhost-startStop-1] o.s.web.context.ContextLoader [ServletWebServerApplicationContext.java : 285] Root WebApplicationContext: initialization completed in 3914 ms
2019-01-16 18:14:44,597 ERROR [localhost-startStop-1] o.s.b.w.e.tomcat.TomcatStarter [TomcatStarter.java : 62] Error starting Tomcat context. Exception: org.springframework.beans.factory.BeanCreationException. Message: Error creating bean with name 'servletEndpointRegistrar' defined in class path resource [org/springframework/boot/actuate/autoconfigure/endpoint/web/ServletEndpointManagementContextConfiguration$WebMvcServletEndpointManagementContextConfiguration.class]: Bean instantiation via factory method failed; nested exception is org.springframework.beans.BeanInstantiationException: Failed to instantiate [org.springframework.boot.actuate.endpoint.web.ServletEndpointRegistrar]: Factory method 'servletEndpointRegistrar' threw exception; nested exception is org.springframework.beans.factory.BeanCreationException: Error creating bean with name 'healthEndpoint' defined in class path resource [org/springframework/boot/actuate/autoconfigure/health/HealthEndpointConfiguration.class]: Bean instantiation via factory method failed; nested exception is org.springframework.beans.BeanInstantiationException: Failed to instantiate [org.springframework.boot.actuate.health.HealthEndpoint]: Factory method 'healthEndpoint' threw exception; nested exception is org.springframework.beans.factory.BeanCreationException: Error creating bean with name 'org.springframework.boot.actuate.autoconfigure.jdbc.DataSourceHealthIndicatorAutoConfiguration': Bean instantiation via constructor failed; nested exception is org.springframework.beans.BeanInstantiationException: Failed to instantiate [org.springframework.boot.actuate.autoconfigure.jdbc.DataSourceHealthIndicatorAutoConfiguration$$EnhancerBySpringCGLIB$$de41d51f]: Constructor threw exception; nested exception is org.springframework.beans.factory.BeanCreationException: Error creating bean with name 'dataSource' defined in class path resource [org/springframework/boot/autoconfigure/jdbc/DataSourceConfiguration$Hikari.class]: Bean instantiation via factory method failed; nested exception is org.springframework.beans.BeanInstantiationException: Failed to instantiate [com.zaxxer.hikari.HikariDataSource]: Factory method 'dataSource' threw exception; nested exception is org.springframework.boot.autoconfigure.jdbc.DataSourceProperties$DataSourceBeanCreationException: Failed to determine a suitable driver class
2019-01-16 18:14:44,637 INFO [main] o.a.catalina.core.StandardService [DirectJDKLog.java : 180] Stopping service [Tomcat]
2019-01-16 18:14:44,673 WARN [main] o.s.b.w.s.c.AnnotationConfigServletWebServerApplicationContext [AbstractApplicationContext.java : 558] Exception encountered during context initialization - cancelling refresh attempt: org.springframework.context.ApplicationContextException: Unable to start web server; nested exception is org.springframework.boot.web.server.WebServerException: Unable to start embedded Tomcat
2019-01-16 18:14:44,693 INFO [main] o.s.b.a.l.ConditionEvaluationReportLoggingListener [ConditionEvaluationReportLoggingListener.java : 101] 

Error starting ApplicationContext. To display the conditions report re-run your application with 'debug' enabled.
2019-01-16 18:14:44,704 ERROR [main] o.s.b.d.LoggingFailureAnalysisReporter [LoggingFailureAnalysisReporter.java : 42] 

***************************
APPLICATION FAILED TO START
***************************

Description:

Failed to configure a DataSource: 'url' attribute is not specified and no embedded datasource could be configured.

Reason: Failed to determine a suitable driver class


Action:

Consider the following:
	If you want an embedded database (H2, HSQL or Derby), please put it on the classpath.
	If you have database settings to be loaded from a particular profile you may need to activate it (no profiles are currently active).

